# JRE version: OpenJDK Runtime Environment Temurin-17.0.10+7 (17.0.10+7) (build 17.0.10+7)
# Java VM: OpenJDK 64-Bit Server VM Temurin-17.0.10+7 (17.0.10+7, mixed mode, sharing, tiered, compressed oops, compressed class ptrs, g1 gc, windows-amd64)
GC Precious Log:
 CPUs: 6 total, 6 available
 Memory: 12091M
 Large Page Support: Disabled
 NUMA Support: Disabled
 Compressed Oops: Enabled (Zero based)
 Heap Region Size: 2M
 Heap Min Capacity: 8M
 Heap Initial Capacity: 190M
 Heap Max Capacity: 3024M
 Pre-touch: Disabled
 Parallel Workers: 6
 Concurrent Workers: 2
 Concurrent Refinement Workers: 6
 Periodic GC: Disabled
Heap:
 garbage-first heap   total 1073152K, used 321677K [0x0000000743000000, 0x0000000800000000)
  region size 2048K, 4 young (8192K), 0 survivors (0K)
 Metaspace       used 117134K, committed 118528K, reserved 1179648K
  class space    used 16716K, committed 17344K, reserved 1048576K
GC Heap History (20 events):
Event: 111.349 GC heap before
{Heap before GC invocations=94 (full 0):
 garbage-first heap   total 1867776K, used 1475054K [0x0000000743000000, 0x0000000800000000)
  region size 2048K, 321 young (657408K), 7 survivors (14336K)
 Metaspace       used 116074K, committed 117376K, reserved 1179648K
  class space    used 16589K, committed 17216K, reserved 1048576K
}
Event: 111.436 GC heap after
{Heap after GC invocations=95 (full 0):
 garbage-first heap   total 1867776K, used 895677K [0x0000000743000000, 0x0000000800000000)
  region size 2048K, 37 young (75776K), 37 survivors (75776K)
 Metaspace       used 116074K, committed 117376K, reserved 1179648K
  class space    used 16589K, committed 17216K, reserved 1048576K
}
Event: 111.529 GC heap before
{Heap before GC invocations=95 (full 0):
 garbage-first heap   total 1867776K, used 912061K [0x0000000743000000, 0x0000000800000000)
  region size 2048K, 45 young (92160K), 37 survivors (75776K)
 Metaspace       used 116086K, committed 117376K, reserved 1179648K
  class space    used 16589K, committed 17216K, reserved 1048576K
}
Event: 111.569 GC heap after
{Heap after GC invocations=96 (full 0):
 garbage-first heap   total 1867776K, used 878058K [0x0000000743000000, 0x0000000800000000)
  region size 2048K, 3 young (6144K), 3 survivors (6144K)
 Metaspace       used 116086K, committed 117376K, reserved 1179648K
  class space    used 16589K, committed 17216K, reserved 1048576K
}
Event: 113.761 GC heap before
{Heap before GC invocations=96 (full 0):
 garbage-first heap   total 1867776K, used 1490410K [0x0000000743000000, 0x0000000800000000)
  region size 2048K, 302 young (618496K), 3 survivors (6144K)
 Metaspace       used 116214K, committed 117504K, reserved 1179648K
  class space    used 16593K, committed 17216K, reserved 1048576K
}
Event: 113.816 GC heap after
{Heap after GC invocations=97 (full 0):
 garbage-first heap   total 1867776K, used 937450K [0x0000000743000000, 0x0000000800000000)
  region size 2048K, 32 young (65536K), 32 survivors (65536K)
 Metaspace       used 116214K, committed 117504K, reserved 1179648K
  class space    used 16593K, committed 17216K, reserved 1048576K
}
Event: 115.913 GC heap before
{Heap before GC invocations=97 (full 0):
 garbage-first heap   total 1867776K, used 1504746K [0x0000000743000000, 0x0000000800000000)
  region size 2048K, 309 young (632832K), 32 survivors (65536K)
 Metaspace       used 116242K, committed 117568K, reserved 1179648K
  class space    used 16593K, committed 17216K, reserved 1048576K
}
Event: 115.989 GC heap after
{Heap after GC invocations=98 (full 0):
 garbage-first heap   total 1867776K, used 1002495K [0x0000000743000000, 0x0000000800000000)
  region size 2048K, 33 young (67584K), 33 survivors (67584K)
 Metaspace       used 116242K, committed 117568K, reserved 1179648K
  class space    used 16593K, committed 17216K, reserved 1048576K
}
Event: 117.895 GC heap before
{Heap before GC invocations=98 (full 0):
 garbage-first heap   total 1867776K, used 1516543K [0x0000000743000000, 0x0000000800000000)
  region size 2048K, 284 young (581632K), 33 survivors (67584K)
 Metaspace       used 116307K, committed 117696K, reserved 1179648K
  class space    used 16596K, committed 17216K, reserved 1048576K
}
Event: 117.968 GC heap after
{Heap after GC invocations=99 (full 0):
 garbage-first heap   total 1867776K, used 1058815K [0x0000000743000000, 0x0000000800000000)
  region size 2048K, 29 young (59392K), 29 survivors (59392K)
 Metaspace       used 116307K, committed 117696K, reserved 1179648K
  class space    used 16596K, committed 17216K, reserved 1048576K
}
Event: 119.943 GC heap before
{Heap before GC invocations=100 (full 0):
 garbage-first heap   total 2056192K, used 1533951K [0x0000000743000000, 0x0000000800000000)
  region size 2048K, 260 young (532480K), 29 survivors (59392K)
 Metaspace       used 116349K, committed 117696K, reserved 1179648K
  class space    used 16600K, committed 17216K, reserved 1048576K
}
Event: 120.013 GC heap after
{Heap after GC invocations=101 (full 0):
 garbage-first heap   total 2056192K, used 1119231K [0x0000000743000000, 0x0000000800000000)
  region size 2048K, 29 young (59392K), 29 survivors (59392K)
 Metaspace       used 116349K, committed 117696K, reserved 1179648K
  class space    used 16600K, committed 17216K, reserved 1048576K
}
Event: 120.176 GC heap before
{Heap before GC invocations=101 (full 0):
 garbage-first heap   total 2056192K, used 1160191K [0x0000000743000000, 0x0000000800000000)
  region size 2048K, 50 young (102400K), 29 survivors (59392K)
 Metaspace       used 116351K, committed 117696K, reserved 1179648K
  class space    used 16600K, committed 17216K, reserved 1048576K
}
Event: 120.210 GC heap after
{Heap after GC invocations=102 (full 0):
 garbage-first heap   total 2056192K, used 1105919K [0x0000000743000000, 0x0000000800000000)
  region size 2048K, 4 young (8192K), 4 survivors (8192K)
 Metaspace       used 116351K, committed 117696K, reserved 1179648K
  class space    used 16600K, committed 17216K, reserved 1048576K
}
Event: 121.164 GC heap before
{Heap before GC invocations=102 (full 0):
 garbage-first heap   total 2056192K, used 1277951K [0x0000000743000000, 0x0000000800000000)
  region size 2048K, 89 young (182272K), 4 survivors (8192K)
 Metaspace       used 116499K, committed 117888K, reserved 1179648K
  class space    used 16630K, committed 17280K, reserved 1048576K
}
Event: 121.567 GC heap after
{Heap after GC invocations=103 (full 1):
 garbage-first heap   total 1939456K, used 578548K [0x0000000743000000, 0x0000000800000000)
  region size 2048K, 0 young (0K), 0 survivors (0K)
 Metaspace       used 116499K, committed 117888K, reserved 1179648K
  class space    used 16630K, committed 17280K, reserved 1048576K
}
Event: 122.342 GC heap before
{Heap before GC invocations=103 (full 1):
 garbage-first heap   total 1939456K, used 1506292K [0x0000000743000000, 0x0000000800000000)
  region size 2048K, 454 young (929792K), 0 survivors (0K)
 Metaspace       used 116811K, committed 118208K, reserved 1179648K
  class space    used 16667K, committed 17344K, reserved 1048576K
}
Event: 122.366 GC heap after
{Heap after GC invocations=104 (full 1):
 garbage-first heap   total 1939456K, used 620109K [0x0000000743000000, 0x0000000800000000)
  region size 2048K, 21 young (43008K), 21 survivors (43008K)
 Metaspace       used 116811K, committed 118208K, reserved 1179648K
  class space    used 16667K, committed 17344K, reserved 1048576K
}
Event: 124.345 GC heap before
{Heap before GC invocations=104 (full 1):
 garbage-first heap   total 1939456K, used 1056333K [0x0000000743000000, 0x0000000800000000)
  region size 2048K, 236 young (483328K), 21 survivors (43008K)
 Metaspace       used 117110K, committed 118464K, reserved 1179648K
  class space    used 16713K, committed 17344K, reserved 1048576K
}
Event: 124.534 GC heap after
{Heap after GC invocations=105 (full 2):
 garbage-first heap   total 1073152K, used 315533K [0x0000000743000000, 0x0000000800000000)
  region size 2048K, 0 young (0K), 0 survivors (0K)
 Metaspace       used 117110K, committed 118464K, reserved 1179648K
  class space    used 16713K, committed 17344K, reserved 1048576K
}

