# JRE version: OpenJDK Runtime Environment Temurin-17.0.10+7 (17.0.10+7) (build 17.0.10+7)
# Java VM: OpenJDK 64-Bit Server VM Temurin-17.0.10+7 (17.0.10+7, mixed mode, sharing, tiered, compressed oops, compressed class ptrs, g1 gc, windows-amd64)
GC Precious Log:
 CPUs: 6 total, 6 available
 Memory: 12091M
 Large Page Support: Disabled
 NUMA Support: Disabled
 Compressed Oops: Enabled (Zero based)
 Heap Region Size: 2M
 Heap Min Capacity: 8M
 Heap Initial Capacity: 190M
 Heap Max Capacity: 3024M
 Pre-touch: Disabled
 Parallel Workers: 6
 Concurrent Workers: 2
 Concurrent Refinement Workers: 6
 Periodic GC: Disabled
Heap:
 garbage-first heap   total 1093632K, used 328213K [0x0000000743000000, 0x0000000800000000)
  region size 2048K, 4 young (8192K), 0 survivors (0K)
 Metaspace       used 117447K, committed 118912K, reserved 1179648K
  class space    used 16741K, committed 17408K, reserved 1048576K
GC Heap History (20 events):
Event: 79.116 GC heap before
{Heap before GC invocations=77 (full 0):
 garbage-first heap   total 1914880K, used 782088K [0x0000000743000000, 0x0000000800000000)
  region size 2048K, 56 young (114688K), 55 survivors (112640K)
 Metaspace       used 116149K, committed 117504K, reserved 1179648K
  class space    used 16568K, committed 17216K, reserved 1048576K
}
Event: 79.153 GC heap after
{Heap after GC invocations=78 (full 0):
 garbage-first heap   total 1914880K, used 745472K [0x0000000743000000, 0x0000000800000000)
  region size 2048K, 3 young (6144K), 3 survivors (6144K)
 Metaspace       used 116149K, committed 117504K, reserved 1179648K
  class space    used 16568K, committed 17216K, reserved 1048576K
}
Event: 81.088 GC heap before
{Heap before GC invocations=78 (full 0):
 garbage-first heap   total 1914880K, used 1527808K [0x0000000743000000, 0x0000000800000000)
  region size 2048K, 386 young (790528K), 3 survivors (6144K)
 Metaspace       used 116415K, committed 117760K, reserved 1179648K
  class space    used 16609K, committed 17216K, reserved 1048576K
}
Event: 81.134 GC heap after
{Heap after GC invocations=79 (full 0):
 garbage-first heap   total 1914880K, used 798570K [0x0000000743000000, 0x0000000800000000)
  region size 2048K, 29 young (59392K), 29 survivors (59392K)
 Metaspace       used 116415K, committed 117760K, reserved 1179648K
  class space    used 16609K, committed 17216K, reserved 1048576K
}
Event: 83.009 GC heap before
{Heap before GC invocations=79 (full 0):
 garbage-first heap   total 1914880K, used 1302378K [0x0000000743000000, 0x0000000800000000)
  region size 2048K, 276 young (565248K), 29 survivors (59392K)
 Metaspace       used 116482K, committed 117824K, reserved 1179648K
  class space    used 16616K, committed 17216K, reserved 1048576K
}
Event: 83.074 GC heap after
{Heap after GC invocations=80 (full 0):
 garbage-first heap   total 1914880K, used 849422K [0x0000000743000000, 0x0000000800000000)
  region size 2048K, 26 young (53248K), 26 survivors (53248K)
 Metaspace       used 116482K, committed 117824K, reserved 1179648K
  class space    used 16616K, committed 17216K, reserved 1048576K
}
Event: 85.829 GC heap before
{Heap before GC invocations=81 (full 0):
 garbage-first heap   total 1914880K, used 1555982K [0x0000000743000000, 0x0000000800000000)
  region size 2048K, 370 young (757760K), 26 survivors (53248K)
 Metaspace       used 116579K, committed 117888K, reserved 1179648K
  class space    used 16616K, committed 17216K, reserved 1048576K
}
Event: 85.904 GC heap after
{Heap after GC invocations=82 (full 0):
 garbage-first heap   total 1914880K, used 931840K [0x0000000743000000, 0x0000000800000000)
  region size 2048K, 39 young (79872K), 39 survivors (79872K)
 Metaspace       used 116579K, committed 117888K, reserved 1179648K
  class space    used 16616K, committed 17216K, reserved 1048576K
}
Event: 85.951 GC heap before
{Heap before GC invocations=82 (full 0):
 garbage-first heap   total 1914880K, used 944128K [0x0000000743000000, 0x0000000800000000)
  region size 2048K, 46 young (94208K), 39 survivors (79872K)
 Metaspace       used 116579K, committed 117888K, reserved 1179648K
  class space    used 16616K, committed 17216K, reserved 1048576K
}
Event: 85.982 GC heap after
{Heap after GC invocations=83 (full 0):
 garbage-first heap   total 1914880K, used 914432K [0x0000000743000000, 0x0000000800000000)
  region size 2048K, 4 young (8192K), 4 survivors (8192K)
 Metaspace       used 116579K, committed 117888K, reserved 1179648K
  class space    used 16616K, committed 17216K, reserved 1048576K
}
Event: 88.298 GC heap before
{Heap before GC invocations=83 (full 0):
 garbage-first heap   total 1914880K, used 1553408K [0x0000000743000000, 0x0000000800000000)
  region size 2048K, 316 young (647168K), 4 survivors (8192K)
 Metaspace       used 116593K, committed 117888K, reserved 1179648K
  class space    used 16616K, committed 17216K, reserved 1048576K
}
Event: 88.352 GC heap after
{Heap after GC invocations=84 (full 0):
 garbage-first heap   total 1914880K, used 978783K [0x0000000743000000, 0x0000000800000000)
  region size 2048K, 35 young (71680K), 35 survivors (71680K)
 Metaspace       used 116593K, committed 117888K, reserved 1179648K
  class space    used 16616K, committed 17216K, reserved 1048576K
}
Event: 90.439 GC heap before
{Heap before GC invocations=84 (full 0):
 garbage-first heap   total 1914880K, used 1562463K [0x0000000743000000, 0x0000000800000000)
  region size 2048K, 320 young (655360K), 35 survivors (71680K)
 Metaspace       used 116635K, committed 118016K, reserved 1179648K
  class space    used 16623K, committed 17280K, reserved 1048576K
}
Event: 90.510 GC heap after
{Heap after GC invocations=85 (full 0):
 garbage-first heap   total 1914880K, used 1043456K [0x0000000743000000, 0x0000000800000000)
  region size 2048K, 33 young (67584K), 33 survivors (67584K)
 Metaspace       used 116635K, committed 118016K, reserved 1179648K
  class space    used 16623K, committed 17280K, reserved 1048576K
}
Event: 91.913 GC heap before
{Heap before GC invocations=85 (full 0):
 garbage-first heap   total 1914880K, used 1383424K [0x0000000743000000, 0x0000000800000000)
  region size 2048K, 201 young (411648K), 33 survivors (67584K)
 Metaspace       used 116800K, committed 118208K, reserved 1179648K
  class space    used 16653K, committed 17280K, reserved 1048576K
}
Event: 92.199 GC heap after
{Heap after GC invocations=86 (full 1):
 garbage-first heap   total 1914880K, used 568537K [0x0000000743000000, 0x0000000800000000)
  region size 2048K, 0 young (0K), 0 survivors (0K)
 Metaspace       used 116800K, committed 118208K, reserved 1179648K
  class space    used 16653K, committed 17280K, reserved 1048576K
}
Event: 93.208 GC heap before
{Heap before GC invocations=86 (full 1):
 garbage-first heap   total 1914880K, used 1492185K [0x0000000743000000, 0x0000000800000000)
  region size 2048K, 452 young (925696K), 0 survivors (0K)
 Metaspace       used 117123K, committed 118528K, reserved 1179648K
  class space    used 16691K, committed 17344K, reserved 1048576K
}
Event: 93.230 GC heap after
{Heap after GC invocations=87 (full 1):
 garbage-first heap   total 1914880K, used 612569K [0x0000000743000000, 0x0000000800000000)
  region size 2048K, 22 young (45056K), 22 survivors (45056K)
 Metaspace       used 117123K, committed 118528K, reserved 1179648K
  class space    used 16691K, committed 17344K, reserved 1048576K
}
Event: 95.039 GC heap before
{Heap before GC invocations=87 (full 1):
 garbage-first heap   total 1914880K, used 862425K [0x0000000743000000, 0x0000000800000000)
  region size 2048K, 146 young (299008K), 22 survivors (45056K)
 Metaspace       used 117421K, committed 118784K, reserved 1179648K
  class space    used 16738K, committed 17344K, reserved 1048576K
}
Event: 95.215 GC heap after
{Heap after GC invocations=88 (full 2):
 garbage-first heap   total 1093632K, used 322069K [0x0000000743000000, 0x0000000800000000)
  region size 2048K, 0 young (0K), 0 survivors (0K)
 Metaspace       used 117421K, committed 118784K, reserved 1179648K
  class space    used 16738K, committed 17344K, reserved 1048576K
}

